Enter a password for the user HR: ********


Enter a tablespace for HR [USERS]: 
Do you want to overwrite the schema, if it already exists? [YES|no]: 
Old HR schema has been dropped.

******  Creating REGIONS table ....

Table REGIONS created.


INDEX REG_ID_PK created.


Table REGIONS altered.

******  Creating COUNTRIES table ....

Table COUNTRIES created.


Table COUNTRIES altered.

******  Creating LOCATIONS table ....

Table LOCATIONS created.


INDEX LOC_ID_PK created.


Table LOCATIONS altered.


Sequence LOCATIONS_SEQ created.

******  Creating DEPARTMENTS table ....

Table DEPARTMENTS created.


INDEX DEPT_ID_PK created.


Table DEPARTMENTS altered.


Sequence DEPARTMENTS_SEQ created.

******  Creating JOBS table ....

Table JOBS created.


INDEX JOB_ID_PK created.


Table JOBS altered.

******  Creating EMPLOYEES table ....

Table EMPLOYEES created.


INDEX EMP_EMP_ID_PK created.


Table EMPLOYEES altered.


Table DEPARTMENTS altered.


Sequence EMPLOYEES_SEQ created.

******  Creating JOB_HISTORY table ....

Table JOB_HISTORY created.


INDEX JHIST_EMP_ID_ST_DATE_PK created.


Table JOB_HISTORY altered.

******  Creating EMP_DETAILS_VIEW view ...

View EMP_DETAILS_VIEW created.

******  Creating indexes ...

Index EMP_DEPARTMENT_IX created.


Index EMP_JOB_IX created.


Index EMP_MANAGER_IX created.


Index EMP_NAME_IX created.


Index DEPT_LOCATION_IX created.


Index JHIST_JOB_IX created.


Index JHIST_EMPLOYEE_IX created.


Index JHIST_DEPARTMENT_IX created.


Index LOC_CITY_IX created.


Index LOC_STATE_PROVINCE_IX created.


Index LOC_COUNTRY_IX created.

******  Adding table column comments ...

Comment created.


Comment created.


Comment created.


Comment created.


Comment created.


Comment created.


Comment created.


Comment created.


Comment created.


Comment created.


Comment created.


Comment created.


Comment created.


Comment created.


Comment created.


Comment created.


Comment created.


Comment created.


Comment created.


Comment created.


Comment created.


Comment created.


Comment created.


Comment created.


Comment created.


Comment created.


Comment created.


Comment created.


Comment created.


Comment created.


Comment created.


Comment created.


Comment created.


Comment created.


Comment created.


Comment created.


Comment created.


Comment created.


Comment created.


Comment created.


Comment created.


Comment created.


Session altered.

****** Populating REGIONS table ....

PL/SQL procedure successfully completed.

****** Populating COUNTRIES table ....

PL/SQL procedure successfully completed.

****** Populating LOCATIONS table ....

PL/SQL procedure successfully completed.

****** Populating DEPARTMENTS table ....

Table DEPARTMENTS altered.


PL/SQL procedure successfully completed.

****** Populating JOBS table ....

PL/SQL procedure successfully completed.

****** Populating EMPLOYEES table ....

PL/SQL procedure successfully completed.

****** Populating JOB_HISTORY table ....

PL/SQL procedure successfully completed.


Commit complete.


Table DEPARTMENTS altered.


Procedure SECURE_DML compiled


Trigger SECURE_EMPLOYEES compiled


Trigger SECURE_EMPLOYEES altered.


Procedure ADD_JOB_HISTORY compiled


Trigger UPDATE_JOB_HISTORY compiled


Commit complete.


Installation verification
____________________________
Verification:

Table             provided    actual
______________ ___________ _________
regions                  5         5
countries               25        25
departments             27        27
locations               23        23
employees              107       107
jobs                    19        19
job_history             10        10

Thank you!
___________________________________________________________
The installation of the sample schema is now finished.
Please check the installation verification output above.

You will now be disconnected from the database.

Thank you for using Oracle Database!

